{"contracts\\DVote.sol":{"l":{"46":61,"47":61,"48":61,"49":61,"57":14,"65":14,"66":14,"67":14,"74":1,"80":2,"81":2,"86":7,"87":6,"88":5,"92":4,"93":4,"94":4,"98":1,"115":13,"126":32,"127":28,"128":24},"path":"C:\\Users\\rpqsh\\Desktop\\DVote\\contracts\\DVote.sol","s":{"1":61,"2":61,"3":61,"4":61,"5":14,"6":14,"7":14,"8":14,"9":1,"10":2,"11":2,"12":7,"13":6,"14":5,"15":4,"16":4,"17":1,"18":13,"19":32,"20":28},"b":{"1":[6,1],"2":[5,1],"3":[4,1],"4":[28,4],"5":[24,4]},"f":{"1":61,"2":14,"3":1,"4":2,"5":7,"6":1,"7":13,"8":32},"fnMap":{"1":{"name":"constructor","line":40,"loc":{"start":{"line":40,"column":4},"end":{"line":50,"column":4}}},"2":{"name":"createCandidate","line":56,"loc":{"start":{"line":52,"column":4},"end":{"line":68,"column":4}}},"3":{"name":"editCandidateDescription","line":73,"loc":{"start":{"line":70,"column":4},"end":{"line":75,"column":4}}},"4":{"name":"deleteCandidate","line":79,"loc":{"start":{"line":77,"column":4},"end":{"line":82,"column":4}}},"5":{"name":"voteForCandidate","line":85,"loc":{"start":{"line":85,"column":4},"end":{"line":95,"column":4}}},"6":{"name":"getCandidateById","line":97,"loc":{"start":{"line":97,"column":4},"end":{"line":99,"column":4}}},"7":{"name":"getCandidateInfo","line":101,"loc":{"start":{"line":101,"column":4},"end":{"line":123,"column":4}}},"8":{"name":"availableForVoting","line":125,"loc":{"start":{"line":125,"column":4},"end":{"line":129,"column":4}}}},"statementMap":{"1":{"start":{"line":46,"column":8},"end":{"line":46,"column":19}},"2":{"start":{"line":47,"column":8},"end":{"line":47,"column":30}},"3":{"start":{"line":48,"column":8},"end":{"line":48,"column":45}},"4":{"start":{"line":49,"column":8},"end":{"line":49,"column":41}},"5":{"start":{"line":57,"column":8},"end":{"line":57,"column":1500}},"6":{"start":{"line":65,"column":8},"end":{"line":65,"column":33}},"7":{"start":{"line":66,"column":8},"end":{"line":66,"column":68}},"8":{"start":{"line":67,"column":8},"end":{"line":67,"column":30}},"9":{"start":{"line":74,"column":8},"end":{"line":74,"column":58}},"10":{"start":{"line":80,"column":8},"end":{"line":80,"column":67}},"11":{"start":{"line":81,"column":8},"end":{"line":81,"column":42}},"12":{"start":{"line":86,"column":8},"end":{"line":86,"column":64}},"13":{"start":{"line":87,"column":8},"end":{"line":87,"column":68}},"14":{"start":{"line":88,"column":8},"end":{"line":88,"column":2519}},"15":{"start":{"line":92,"column":8},"end":{"line":92,"column":32}},"16":{"start":{"line":94,"column":8},"end":{"line":94,"column":34}},"17":{"start":{"line":98,"column":8},"end":{"line":98,"column":32}},"18":{"start":{"line":115,"column":8},"end":{"line":115,"column":3189}},"19":{"start":{"line":126,"column":8},"end":{"line":126,"column":68}},"20":{"start":{"line":127,"column":8},"end":{"line":127,"column":58}}},"branchMap":{"1":{"line":86,"type":"if","locations":[{"start":{"line":86,"column":8},"end":{"line":86,"column":8}},{"start":{"line":86,"column":8},"end":{"line":86,"column":8}}]},"2":{"line":87,"type":"if","locations":[{"start":{"line":87,"column":8},"end":{"line":87,"column":8}},{"start":{"line":87,"column":8},"end":{"line":87,"column":8}}]},"3":{"line":88,"type":"if","locations":[{"start":{"line":88,"column":8},"end":{"line":88,"column":8}},{"start":{"line":88,"column":8},"end":{"line":88,"column":8}}]},"4":{"line":126,"type":"if","locations":[{"start":{"line":126,"column":8},"end":{"line":126,"column":8}},{"start":{"line":126,"column":8},"end":{"line":126,"column":8}}]},"5":{"line":127,"type":"if","locations":[{"start":{"line":127,"column":8},"end":{"line":127,"column":8}},{"start":{"line":127,"column":8},"end":{"line":127,"column":8}}]}}},"contracts\\DVoteFactory.sol":{"l":{"13":117,"17":62,"18":61,"19":61,"20":61,"21":61,"25":1,"28":2},"path":"C:\\Users\\rpqsh\\Desktop\\DVote\\contracts\\DVoteFactory.sol","s":{"1":117,"2":62,"3":61,"4":61,"5":61,"6":61,"7":1,"8":2},"b":{"1":[61,1]},"f":{"1":117,"2":62,"3":1,"4":2},"fnMap":{"1":{"name":"constructor","line":12,"loc":{"start":{"line":12,"column":4},"end":{"line":14,"column":4}}},"2":{"name":"createDVote","line":16,"loc":{"start":{"line":16,"column":4},"end":{"line":22,"column":4}}},"3":{"name":"changeVoteAddress","line":24,"loc":{"start":{"line":24,"column":4},"end":{"line":26,"column":4}}},"4":{"name":"returnDeployedDVotes","line":27,"loc":{"start":{"line":27,"column":4},"end":{"line":29,"column":4}}}},"statementMap":{"1":{"start":{"line":13,"column":8},"end":{"line":13,"column":33}},"2":{"start":{"line":17,"column":8},"end":{"line":17,"column":56}},"3":{"start":{"line":18,"column":8},"end":{"line":18,"column":73}},"4":{"start":{"line":19,"column":8},"end":{"line":19,"column":45}},"5":{"start":{"line":20,"column":8},"end":{"line":20,"column":45}},"6":{"start":{"line":21,"column":8},"end":{"line":21,"column":34}},"7":{"start":{"line":25,"column":8},"end":{"line":25,"column":31}},"8":{"start":{"line":28,"column":8},"end":{"line":28,"column":29}}},"branchMap":{"1":{"line":17,"type":"if","locations":[{"start":{"line":17,"column":8},"end":{"line":17,"column":8}},{"start":{"line":17,"column":8},"end":{"line":17,"column":8}}]}}},"contracts\\Vote.sol":{"l":{"22":14,"23":13,"24":13,"25":13,"26":13,"27":13,"34":14,"38":2,"39":1,"40":1,"41":1,"50":1,"59":1},"path":"C:\\Users\\rpqsh\\Desktop\\DVote\\contracts\\Vote.sol","s":{"1":14,"2":13,"3":13,"4":13,"5":13,"6":13,"7":14,"8":2,"9":1,"10":1,"11":1,"12":1},"b":{"1":[13,1],"2":[1,1],"3":[1,0]},"f":{"1":117,"2":14,"3":14,"4":2,"5":1,"6":1},"fnMap":{"1":{"name":"constructor","line":18,"loc":{"start":{"line":18,"column":4},"end":{"line":18,"column":42}}},"2":{"name":"safeMint","line":21,"loc":{"start":{"line":21,"column":4},"end":{"line":28,"column":4}}},"3":{"name":"_beforeTokenTransfer","line":30,"loc":{"start":{"line":30,"column":4},"end":{"line":35,"column":4}}},"4":{"name":"_burn","line":37,"loc":{"start":{"line":37,"column":4},"end":{"line":42,"column":4}}},"5":{"name":"tokenURI","line":44,"loc":{"start":{"line":44,"column":4},"end":{"line":51,"column":4}}},"6":{"name":"supportsInterface","line":53,"loc":{"start":{"line":53,"column":4},"end":{"line":60,"column":4}}}},"statementMap":{"1":{"start":{"line":22,"column":8},"end":{"line":22,"column":60}},"2":{"start":{"line":23,"column":8},"end":{"line":23,"column":51}},"3":{"start":{"line":24,"column":8},"end":{"line":24,"column":32}},"4":{"start":{"line":25,"column":8},"end":{"line":25,"column":34}},"5":{"start":{"line":26,"column":8},"end":{"line":26,"column":29}},"6":{"start":{"line":27,"column":8},"end":{"line":27,"column":33}},"7":{"start":{"line":34,"column":8},"end":{"line":34,"column":63}},"8":{"start":{"line":38,"column":8},"end":{"line":38,"column":73}},"9":{"start":{"line":39,"column":8},"end":{"line":39,"column":63}},"10":{"start":{"line":41,"column":8},"end":{"line":41,"column":27}},"11":{"start":{"line":50,"column":8},"end":{"line":50,"column":38}},"12":{"start":{"line":59,"column":8},"end":{"line":59,"column":51}}},"branchMap":{"1":{"line":22,"type":"if","locations":[{"start":{"line":22,"column":8},"end":{"line":22,"column":8}},{"start":{"line":22,"column":8},"end":{"line":22,"column":8}}]},"2":{"line":38,"type":"if","locations":[{"start":{"line":38,"column":8},"end":{"line":38,"column":8}},{"start":{"line":38,"column":8},"end":{"line":38,"column":8}}]},"3":{"line":39,"type":"if","locations":[{"start":{"line":39,"column":8},"end":{"line":39,"column":8}},{"start":{"line":39,"column":8},"end":{"line":39,"column":8}}]}}}}